e:\dynas\dynas.svg\release\vc120.pdb
e:\dynas\dynas.svg\release\dynaserver.obj
e:\dynas\dynas.svg\release\xdsvg.obj
e:\dynas\dynas.svg\release\tfr.obj
e:\dynas\dynas.svg\release\rule_log.obj
e:\dynas\dynas.svg\release\rpc-funcs.obj
e:\dynas\dynas.svg\release\pansi_s.obj
e:\dynas\dynas.svg\release\global_vars.obj
e:\dynas\dynas.svg\release\gen_funcs.obj
e:\dynas\dynas.svg\release\frontend.obj
e:\dynas\dynas.svg\release\fe_xdfk.obj
e:\dynas\dynas.svg\release\fe_dysvg.obj
e:\dynas\dynas.svg\release\dynaserver.exe
e:\dynas\dynas.svg\.\release\dynaserver.exe
e:\dynas\dynas.svg\release\dynaserver.tlog\cl.command.1.tlog
e:\dynas\dynas.svg\release\dynaserver.tlog\cl.read.1.tlog
e:\dynas\dynas.svg\release\dynaserver.tlog\cl.write.1.tlog
e:\dynas\dynas.svg\release\dynaserver.tlog\link.command.1.tlog
e:\dynas\dynas.svg\release\dynaserver.tlog\link.read.1.tlog
e:\dynas\dynas.svg\release\dynaserver.tlog\link.write.1.tlog
