e:\dynas.vc\debug\dynaserver.obj
e:\dynas.vc\debug\tfr.obj
e:\dynas.vc\debug\rpc-funcs.obj
e:\dynas.vc\debug\pansi_s.obj
e:\dynas.vc\debug\global_vars.obj
e:\dynas.vc\debug\getopt_init.obj
e:\dynas.vc\debug\getopt.obj
e:\dynas.vc\debug\gen_funcs.obj
e:\dynas.vc\debug\frontend.obj
e:\dynas.vc\debug\fe_modbus.obj
e:\dynas.vc\dynaserver.ilk
e:\dynas.vc\dynaserver.exe
e:\dynas.vc\dynaserver.pdb
e:\dynas.vc\.\dynaserver.exe
e:\dynas.vc\debug\dynaserver.tlog\cl.command.1.tlog
e:\dynas.vc\debug\dynaserver.tlog\cl.read.1.tlog
e:\dynas.vc\debug\dynaserver.tlog\cl.write.1.tlog
e:\dynas.vc\debug\dynaserver.tlog\link.command.1.tlog
e:\dynas.vc\debug\dynaserver.tlog\link.read.1.tlog
e:\dynas.vc\debug\dynaserver.tlog\link.write.1.tlog
