e:\dynas\dynas.modbus\release\vc120.pdb
e:\dynas\dynas.modbus\release\rpcproc.obj
e:\dynas\dynas.modbus\release\dynaclient.obj
e:\dynas\dynas.modbus\release\pansi_c.obj
e:\dynas\dynas.modbus\release\dynaclient.exe
e:\dynas\dynas.modbus\release\dynaserver.obj
e:\dynas\dynas.modbus\release\fe_modbus.obj
e:\dynas\dynas.modbus\release\frontend.obj
e:\dynas\dynas.modbus\release\gen_funcs.obj
e:\dynas\dynas.modbus\release\getopt.obj
e:\dynas\dynas.modbus\release\getopt_init.obj
e:\dynas\dynas.modbus\release\global_vars.obj
e:\dynas\dynas.modbus\release\pansi_s.obj
e:\dynas\dynas.modbus\release\rpc-funcs.obj
e:\dynas\dynas.modbus\release\tfr.obj
e:\dynas\dynas.modbus\.\release\dynaclient.exe
e:\dynas\dynas.modbus\release\dynaclient.tlog\cl.command.1.tlog
e:\dynas\dynas.modbus\release\dynaclient.tlog\cl.read.1.tlog
e:\dynas\dynas.modbus\release\dynaclient.tlog\cl.write.1.tlog
e:\dynas\dynas.modbus\release\dynaclient.tlog\link.command.1.tlog
e:\dynas\dynas.modbus\release\dynaclient.tlog\link.read.1.tlog
e:\dynas\dynas.modbus\release\dynaclient.tlog\link.write.1.tlog
