e:\dynas.vc\release\vc120.pdb
e:\dynas.vc\release\dynaserver.obj
e:\dynas.vc\release\tfr.obj
e:\dynas.vc\release\rpc-funcs.obj
e:\dynas.vc\release\pansi_s.obj
e:\dynas.vc\release\global_vars.obj
e:\dynas.vc\release\getopt_init.obj
e:\dynas.vc\release\getopt.obj
e:\dynas.vc\release\gen_funcs.obj
e:\dynas.vc\release\frontend.obj
e:\dynas.vc\release\fe_modbus.obj
e:\dynas.vc\release\dynaserver.exe
e:\dynas\dynas.modbus\release\dynaserver.obj
e:\dynas\dynas.modbus\release\fe_modbus.obj
e:\dynas\dynas.modbus\release\frontend.obj
e:\dynas\dynas.modbus\release\gen_funcs.obj
e:\dynas\dynas.modbus\release\getopt.obj
e:\dynas\dynas.modbus\release\getopt_init.obj
e:\dynas\dynas.modbus\release\global_vars.obj
e:\dynas\dynas.modbus\release\pansi_s.obj
e:\dynas\dynas.modbus\release\rpc-funcs.obj
e:\dynas\dynas.modbus\release\tfr.obj
e:\dynas\dynas.modbus\release\vc120.pdb
e:\dynas\dynas.modbus\.\release\dynaserver.exe
e:\dynas\dynas.modbus\release\dynaserver.tlog\cl.command.1.tlog
e:\dynas\dynas.modbus\release\dynaserver.tlog\cl.read.1.tlog
e:\dynas\dynas.modbus\release\dynaserver.tlog\cl.write.1.tlog
e:\dynas\dynas.modbus\release\dynaserver.tlog\link.command.1.tlog
e:\dynas\dynas.modbus\release\dynaserver.tlog\link.read.1.tlog
e:\dynas\dynas.modbus\release\dynaserver.tlog\link.write.1.tlog
