e:\dynas\dynas.svg\debug\rpcproc.obj
e:\dynas\dynas.svg\debug\dynaclient.obj
e:\dynas\dynas.svg\debug\pansi_c.obj
e:\dynas\dynas.svg\dynaclient.ilk
e:\dynas\dynas.svg\dynaclient.exe
e:\dynas\dynas.svg\dynaclient.pdb
e:\dynas\dynas.svg\debug\dynaserver.obj
e:\dynas\dynas.svg\debug\fe_dysvg.obj
e:\dynas\dynas.svg\debug\fe_xdfk.obj
e:\dynas\dynas.svg\debug\frontend.obj
e:\dynas\dynas.svg\debug\gen_funcs.obj
e:\dynas\dynas.svg\debug\global_vars.obj
e:\dynas\dynas.svg\debug\pansi_s.obj
e:\dynas\dynas.svg\debug\rpc-funcs.obj
e:\dynas\dynas.svg\debug\rule_log.obj
e:\dynas\dynas.svg\debug\tfr.obj
e:\dynas\dynas.svg\debug\xdsvg.obj
e:\dynas\dynas.svg\debug\dynaserver.pdb
e:\dynas\dynas.svg\.\dynaclient.exe
e:\dynas\dynas.svg\debug\dynaclient.tlog\cl.command.1.tlog
e:\dynas\dynas.svg\debug\dynaclient.tlog\cl.read.1.tlog
e:\dynas\dynas.svg\debug\dynaclient.tlog\cl.write.1.tlog
e:\dynas\dynas.svg\debug\dynaclient.tlog\link.command.1.tlog
e:\dynas\dynas.svg\debug\dynaclient.tlog\link.read.1.tlog
e:\dynas\dynas.svg\debug\dynaclient.tlog\link.write.1.tlog
