生成启动时间为 2019-03-14 16:21:23。
     1>项目“E:\Dynas\DynasClient\Dynaclient.vcxproj”在节点 2 上(Rebuild 个目标)。
     1>ClCompile:
         C:\Program Files (x86)\Microsoft Visual Studio 12.0\VC\bin\CL.exe /c /Zi /nologo /W3 /WX- /O2 /Oy- /D WIN32 /D NDEBUG /D _CONSOLE /D _VC80_UPGRADE=0x0600 /D _USING_V110_SDK71_ /D _MBCS /GF /Gm- /EHsc /MTd /Zp1 /GS /Gy /fp:precise /Zc:wchar_t /Zc:forScope /Fo".\Release\\" /Fd".\Release\vc120.pdb" /Gd /TC /analyze- /errorReport:prompt Dynaclient.c PANSI_c.c RpcProc.c
         Dynaclient.c
     1>Dynaclient.c(47): warning C4305: “函数”: 从“double”到“float”截断
     1>Dynaclient.c(48): warning C4305: “函数”: 从“double”到“float”截断
     1>Dynaclient.c(16): warning C4101: “yk_varid”: 未引用的局部变量
     1>Dynaclient.c(17): warning C4101: “yt_varid”: 未引用的局部变量
         PANSI_c.c
         RpcProc.c
         正在生成代码...
       Link:
         C:\Program Files (x86)\Microsoft Visual Studio 12.0\VC\bin\link.exe /ERRORREPORT:PROMPT /OUT:".\Release\Dynaclient.exe" /INCREMENTAL:NO /NOLOGO odbc32.lib odbccp32.lib RPCRT4.LIB WS2_32.LIB kernel32.lib user32.lib gdi32.lib winspool.lib comdlg32.lib advapi32.lib shell32.lib ole32.lib oleaut32.lib uuid.lib odbc32.lib odbccp32.lib /MANIFEST /MANIFESTUAC:"level='asInvoker' uiAccess='false'" /manifest:embed /PDB:".\Release\Dynaclient.pdb" /SUBSYSTEM:CONSOLE,"5.01" /TLBID:1 /DYNAMICBASE /NXCOMPAT /IMPLIB:".\Release\Dynaclient.lib" /MACHINE:X86 /SAFESEH .\Release\Dynaclient.obj
         .\Release\PANSI_c.obj
         .\Release\RpcProc.obj
         Dynaclient.vcxproj -> E:\Dynas\DynasClient\.\Release\Dynaclient.exe
     1>已完成生成项目“E:\Dynas\DynasClient\Dynaclient.vcxproj”(Rebuild 个目标)的操作。

生成成功。

已用时间 00:00:01.77
