f:\xj program\dynas.vc\release\vc120.pdb
f:\xj program\dynas.vc\release\dynaserver.obj
f:\xj program\dynas.vc\release\tfr.obj
f:\xj program\dynas.vc\release\rpc-funcs.obj
f:\xj program\dynas.vc\release\pansi_s.obj
f:\xj program\dynas.vc\release\global_vars.obj
f:\xj program\dynas.vc\release\gen_funcs.obj
f:\xj program\dynas.vc\release\frontend.obj
f:\xj program\dynas.vc\release\fe_xdfk.obj
f:\xj program\dynas.vc\release\fe_dysvg.obj
f:\xj program\dynas.vc\release\dynaserver.exe
e:\dynas\dynas.tcp\release\dynaserver.obj
e:\dynas\dynas.tcp\release\fe_dysvg.obj
e:\dynas\dynas.tcp\release\fe_xdfk.obj
e:\dynas\dynas.tcp\release\frontend.obj
e:\dynas\dynas.tcp\release\gen_funcs.obj
e:\dynas\dynas.tcp\release\global_vars.obj
e:\dynas\dynas.tcp\release\pansi_s.obj
e:\dynas\dynas.tcp\release\rpc-funcs.obj
e:\dynas\dynas.tcp\release\tfr.obj
e:\dynas\dynas.tcp\release\vc120.pdb
e:\dynas\dynas.tcp\.\release\dynaserver.exe
e:\dynas\dynas.tcp\release\dynaserver.tlog\cl.command.1.tlog
e:\dynas\dynas.tcp\release\dynaserver.tlog\cl.read.1.tlog
e:\dynas\dynas.tcp\release\dynaserver.tlog\cl.write.1.tlog
e:\dynas\dynas.tcp\release\dynaserver.tlog\link.command.1.tlog
e:\dynas\dynas.tcp\release\dynaserver.tlog\link.read.1.tlog
e:\dynas\dynas.tcp\release\dynaserver.tlog\link.write.1.tlog
