生成启动时间为 2018-10-22 14:07:56。
     1>项目“C:\Users\gongcheng\Documents\Visual Studio 2013\Projects\DynasClient\DynasClient\Dynaclient.vcxproj”在节点 2 上(Rebuild 个目标)。
     1>C:\Program Files (x86)\MSBuild\Microsoft.Cpp\v4.0\V120\Microsoft.CppBuild.targets(388,5): warning MSB8028: The intermediate directory (.\Debug\) contains files shared from another project (DynasClient.vcxproj).  This can lead to incorrect clean and rebuild behavior.
     1>ClCompile:
         C:\Program Files (x86)\Microsoft Visual Studio 12.0\VC\bin\CL.exe /c /Z7 /nologo /W3 /WX- /Od /Oy- /D WIN32 /D _DEBUG /D _CONSOLE /D _VC80_UPGRADE=0x0600 /D _USING_V110_SDK71_ /D _MBCS /GF /Gm /EHsc /RTC1 /MT /Zp1 /GS /Gy- /fp:precise /Zc:wchar_t /Zc:forScope /Fo".\Debug\\" /Fd".\Debug\vc120.pdb" /Gd /TP /analyze- /errorReport:prompt Dynaclient.cpp RpcProc.cpp
     1>cl : 命令行 warning D9007: “/Gm”需要“/Zi 或 /ZI”；选项被忽略
         Dynaclient.cpp
         RpcProc.cpp
         正在生成代码...
         C:\Program Files (x86)\Microsoft Visual Studio 12.0\VC\bin\CL.exe /c /Z7 /nologo /W3 /WX- /Od /Oy- /D WIN32 /D _DEBUG /D _CONSOLE /D _VC80_UPGRADE=0x0600 /D _USING_V110_SDK71_ /D _MBCS /GF /Gm /EHsc /RTC1 /MT /Zp1 /GS /Gy- /fp:precise /Zc:wchar_t /Zc:forScope /Fo".\Debug\\" /Fd".\Debug\vc120.pdb" /Gd /TC /analyze- /errorReport:prompt PANSI_c.c
     1>cl : 命令行 warning D9007: “/Gm”需要“/Zi 或 /ZI”；选项被忽略
         PANSI_c.c
       Link:
         C:\Program Files (x86)\Microsoft Visual Studio 12.0\VC\bin\link.exe /ERRORREPORT:PROMPT /OUT:".\Dynaclient.exe" /INCREMENTAL /NOLOGO RPCRT4.LIB kernel32.lib user32.lib gdi32.lib winspool.lib comdlg32.lib advapi32.lib shell32.lib ole32.lib oleaut32.lib uuid.lib odbc32.lib odbccp32.lib /MANIFEST /MANIFESTUAC:"level='asInvoker' uiAccess='false'" /manifest:embed /DEBUG /PDB:".\Dynaclient.pdb" /SUBSYSTEM:CONSOLE,"5.01" /TLBID:1 /DYNAMICBASE /NXCOMPAT /IMPLIB:".\Dynaclient.lib" /MACHINE:X86 /SAFESEH .\Debug\Dynaclient.obj
         .\Debug\PANSI_c.obj
         .\Debug\RpcProc.obj
         Dynaclient.vcxproj -> C:\Users\gongcheng\Documents\Visual Studio 2013\Projects\DynasClient\DynasClient\.\Dynaclient.exe
     1>已完成生成项目“C:\Users\gongcheng\Documents\Visual Studio 2013\Projects\DynasClient\DynasClient\Dynaclient.vcxproj”(Rebuild 个目标)的操作。

生成成功。

已用时间 00:00:01.75
